# JRE version: OpenJDK Runtime Environment (17.0.9) (build 17.0.9+0--11185874)
# Java VM: OpenJDK 64-Bit Server VM (17.0.9+0--11185874, mixed mode, tiered, compressed oops, compressed class ptrs, g1 gc, windows-amd64)
GC Precious Log:
 CPUs: 4 total, 4 available
 Memory: 11910M
 Large Page Support: Disabled
 NUMA Support: Disabled
 Compressed Oops: Enabled (32-bit)
 Heap Region Size: 1M
 Heap Min Capacity: 8M
 Heap Initial Capacity: 188M
 Heap Max Capacity: 2G
 Pre-touch: Disabled
 Parallel Workers: 4
 Concurrent Workers: 1
 Concurrent Refinement Workers: 4
 Periodic GC: Disabled
Heap:
 garbage-first heap   total 418816K, used 226706K [0x0000000080000000, 0x0000000100000000)
  region size 1024K, 9 young (9216K), 9 survivors (9216K)
 Metaspace       used 160211K, committed 161408K, reserved 1245184K
  class space    used 21124K, committed 21696K, reserved 1048576K
GC Heap History (20 events):
Event: 3328.244 GC heap after
{Heap after GC invocations=95 (full 0):
 garbage-first heap   total 406528K, used 222720K [0x0000000080000000, 0x0000000100000000)
  region size 1024K, 3 young (3072K), 3 survivors (3072K)
 Metaspace       used 158806K, committed 160000K, reserved 1245184K
  class space    used 21040K, committed 21568K, reserved 1048576K
}
Event: 3328.995 GC heap before
{Heap before GC invocations=95 (full 0):
 garbage-first heap   total 406528K, used 261632K [0x0000000080000000, 0x0000000100000000)
  region size 1024K, 43 young (44032K), 3 survivors (3072K)
 Metaspace       used 158970K, committed 160192K, reserved 1245184K
  class space    used 21052K, committed 21632K, reserved 1048576K
}
Event: 3329.011 GC heap after
{Heap after GC invocations=96 (full 0):
 garbage-first heap   total 406528K, used 226304K [0x0000000080000000, 0x0000000100000000)
  region size 1024K, 6 young (6144K), 6 survivors (6144K)
 Metaspace       used 158970K, committed 160192K, reserved 1245184K
  class space    used 21052K, committed 21632K, reserved 1048576K
}
Event: 3484.882 GC heap before
{Heap before GC invocations=97 (full 0):
 garbage-first heap   total 418816K, used 333824K [0x0000000080000000, 0x0000000100000000)
  region size 1024K, 99 young (101376K), 6 survivors (6144K)
 Metaspace       used 159147K, committed 160320K, reserved 1245184K
  class space    used 21055K, committed 21632K, reserved 1048576K
}
Event: 3484.909 GC heap after
{Heap after GC invocations=98 (full 0):
 garbage-first heap   total 418816K, used 239487K [0x0000000080000000, 0x0000000100000000)
  region size 1024K, 13 young (13312K), 13 survivors (13312K)
 Metaspace       used 159147K, committed 160320K, reserved 1245184K
  class space    used 21055K, committed 21632K, reserved 1048576K
}
Event: 3485.125 GC heap before
{Heap before GC invocations=98 (full 0):
 garbage-first heap   total 418816K, used 246655K [0x0000000080000000, 0x0000000100000000)
  region size 1024K, 20 young (20480K), 13 survivors (13312K)
 Metaspace       used 159167K, committed 160320K, reserved 1245184K
  class space    used 21055K, committed 21632K, reserved 1048576K
}
Event: 3485.160 GC heap after
{Heap after GC invocations=99 (full 0):
 garbage-first heap   total 418816K, used 217773K [0x0000000080000000, 0x0000000100000000)
  region size 1024K, 3 young (3072K), 3 survivors (3072K)
 Metaspace       used 159167K, committed 160320K, reserved 1245184K
  class space    used 21055K, committed 21632K, reserved 1048576K
}
Event: 3486.501 GC heap before
{Heap before GC invocations=99 (full 0):
 garbage-first heap   total 418816K, used 274093K [0x0000000080000000, 0x0000000100000000)
  region size 1024K, 60 young (61440K), 3 survivors (3072K)
 Metaspace       used 159383K, committed 160640K, reserved 1245184K
  class space    used 21072K, committed 21632K, reserved 1048576K
}
Event: 3486.518 GC heap after
{Heap after GC invocations=100 (full 0):
 garbage-first heap   total 418816K, used 223669K [0x0000000080000000, 0x0000000100000000)
  region size 1024K, 9 young (9216K), 9 survivors (9216K)
 Metaspace       used 159383K, committed 160640K, reserved 1245184K
  class space    used 21072K, committed 21632K, reserved 1048576K
}
Event: 3525.872 GC heap before
{Heap before GC invocations=101 (full 0):
 garbage-first heap   total 418816K, used 343477K [0x0000000080000000, 0x0000000100000000)
  region size 1024K, 114 young (116736K), 9 survivors (9216K)
 Metaspace       used 159815K, committed 161088K, reserved 1245184K
  class space    used 21117K, committed 21696K, reserved 1048576K
}
Event: 3525.905 GC heap after
{Heap after GC invocations=102 (full 0):
 garbage-first heap   total 418816K, used 239305K [0x0000000080000000, 0x0000000100000000)
  region size 1024K, 15 young (15360K), 15 survivors (15360K)
 Metaspace       used 159815K, committed 161088K, reserved 1245184K
  class space    used 21117K, committed 21696K, reserved 1048576K
}
Event: 3525.949 GC heap before
{Heap before GC invocations=102 (full 0):
 garbage-first heap   total 418816K, used 243401K [0x0000000080000000, 0x0000000100000000)
  region size 1024K, 20 young (20480K), 15 survivors (15360K)
 Metaspace       used 159816K, committed 161088K, reserved 1245184K
  class space    used 21117K, committed 21696K, reserved 1048576K
}
Event: 3525.988 GC heap after
{Heap after GC invocations=103 (full 0):
 garbage-first heap   total 418816K, used 221696K [0x0000000080000000, 0x0000000100000000)
  region size 1024K, 3 young (3072K), 3 survivors (3072K)
 Metaspace       used 159816K, committed 161088K, reserved 1245184K
  class space    used 21117K, committed 21696K, reserved 1048576K
}
Event: 3528.047 GC heap before
{Heap before GC invocations=103 (full 0):
 garbage-first heap   total 418816K, used 261632K [0x0000000080000000, 0x0000000100000000)
  region size 1024K, 44 young (45056K), 3 survivors (3072K)
 Metaspace       used 159909K, committed 161152K, reserved 1245184K
  class space    used 21118K, committed 21696K, reserved 1048576K
}
Event: 3528.064 GC heap after
{Heap after GC invocations=104 (full 0):
 garbage-first heap   total 418816K, used 225764K [0x0000000080000000, 0x0000000100000000)
  region size 1024K, 7 young (7168K), 7 survivors (7168K)
 Metaspace       used 159909K, committed 161152K, reserved 1245184K
  class space    used 21118K, committed 21696K, reserved 1048576K
}
Event: 3612.580 GC heap before
{Heap before GC invocations=105 (full 0):
 garbage-first heap   total 418816K, used 336356K [0x0000000080000000, 0x0000000100000000)
  region size 1024K, 103 young (105472K), 7 survivors (7168K)
 Metaspace       used 160075K, committed 161344K, reserved 1245184K
  class space    used 21124K, committed 21696K, reserved 1048576K
}
Event: 3612.619 GC heap after
{Heap after GC invocations=106 (full 0):
 garbage-first heap   total 418816K, used 239206K [0x0000000080000000, 0x0000000100000000)
  region size 1024K, 13 young (13312K), 13 survivors (13312K)
 Metaspace       used 160075K, committed 161344K, reserved 1245184K
  class space    used 21124K, committed 21696K, reserved 1048576K
}
Event: 3612.913 GC heap before
{Heap before GC invocations=106 (full 0):
 garbage-first heap   total 418816K, used 245350K [0x0000000080000000, 0x0000000100000000)
  region size 1024K, 20 young (20480K), 13 survivors (13312K)
 Metaspace       used 160075K, committed 161344K, reserved 1245184K
  class space    used 21124K, committed 21696K, reserved 1048576K
}
Event: 3612.950 GC heap after
{Heap after GC invocations=107 (full 0):
 garbage-first heap   total 418816K, used 221184K [0x0000000080000000, 0x0000000100000000)
  region size 1024K, 3 young (3072K), 3 survivors (3072K)
 Metaspace       used 160075K, committed 161344K, reserved 1245184K
  class space    used 21124K, committed 21696K, reserved 1048576K
}
Event: 3614.051 GC heap before
{Heap before GC invocations=107 (full 0):
 garbage-first heap   total 418816K, used 271360K [0x0000000080000000, 0x0000000100000000)
  region size 1024K, 54 young (55296K), 3 survivors (3072K)
 Metaspace       used 160211K, committed 161408K, reserved 1245184K
  class space    used 21124K, committed 21696K, reserved 1048576K
}

